<?xml version="1.0" encoding="UTF-8"?>
<!-- Generated by org.testng.reporters.JUnitXMLReporter -->
<testsuite ignored="2" hostname="DESKTOP-DJ9S0OS" failures="0" tests="1" name="Default test" time="3.665" errors="0" timestamp="2023-01-13T13:33:37 IST">
  <testcase classname="RestAssuredAuthorization.apiKey" name="apiByHeader" time="3.602"/>
  <testcase classname="RestAssuredAuthorization.apiKey" name="apiByDirectbyUrl" time="0.0">
    <ignored/>
  </testcase> <!-- apiByDirectbyUrl -->
  <testcase classname="RestAssuredAuthorization.apiKey" name="apiByQuery" time="0.0">
    <ignored/>
  </testcase> <!-- apiByQuery -->
</testsuite> <!-- Default test -->
