<?xml version="1.0" encoding="UTF-8"?>
<testng-results ignored="2" total="3" passed="1" failed="0" skipped="0">
  <reporter-output>
  </reporter-output>
  <suite started-at="2023-01-13T13:33:33 IST" name="Default suite" finished-at="2023-01-13T13:33:37 IST" duration-ms="3665">
    <groups>
    </groups>
    <test started-at="2023-01-13T13:33:33 IST" name="Default test" finished-at="2023-01-13T13:33:37 IST" duration-ms="3665">
      <class name="RestAssuredAuthorization.apiKey">
        <test-method signature="apiByHeader()[pri:0, instance:RestAssuredAuthorization.apiKey@3514a4c0]" started-at="2023-01-13T13:33:33 IST" name="apiByHeader" finished-at="2023-01-13T13:33:37 IST" duration-ms="3602" status="PASS">
          <reporter-output>
          </reporter-output>
        </test-method> <!-- apiByHeader -->
      </class> <!-- RestAssuredAuthorization.apiKey -->
    </test> <!-- Default test -->
  </suite> <!-- Default suite -->
</testng-results>
